<?xml version="1.0" encoding="UTF-8"?>
<testsuite xmlns:xsi="http://www.w3.org/2001/XMLSchema-instance" xsi:noNamespaceSchemaLocation="https://maven.apache.org/surefire/maven-surefire-plugin/xsd/surefire-test-report-3.0.xsd" version="3.0" name="com.poly.gestioncatalogueg1.GestionCatalogueG1ApplicationTests" time="4.647" tests="1" errors="0" skipped="0" failures="0">
  <properties>
[...]
</properties>
  <testcase name="contextLoads" classname="com.poly.gestioncatalogueg1.GestionCatalogueG1ApplicationTests" time="0.479">
    <system-out><![CDATA[10:36:42.248 [main] INFO org.springframework.test.context.support.AnnotationConfigContextLoaderUtils -- Could not detect default configuration classes for test class [com.poly.gestioncatalogueg1.GestionCatalogueG1ApplicationTests]: GestionCatalogueG1ApplicationTests does not declare any static, non-private, non-final, nested classes annotated with @Configuration.
10:36:42.342 [main] INFO org.springframework.boot.test.context.SpringBootTestContextBootstrapper -- Found @SpringBootConfiguration com.poly.gestioncatalogueg1.GestionCatalogueG1Application for test class com.poly.gestioncatalogueg1.GestionCatalogueG1ApplicationTests

  .   ____          _            __ _ _
 /\\ / ___'_ __ _ _(_)_ __  __ _ \ \ \ \
( ( )\___ | '_ | '_| | '_ \/ _` | \ \ \ \
 \\/  ___)| |_)| | | | | || (_| |  ) ) ) )
  '  |____| .__|_| |_|_| |_\__, | / / / /
 =========|_|==============|___/=/_/_/_/
 :: Spring Boot ::                (v3.1.4)

2023-11-27T10:36:42.707+01:00  INFO 51026 --- [           main] c.p.g.GestionCatalogueG1ApplicationTests : Starting GestionCatalogueG1ApplicationTests using Java 17.0.8.1 with PID 51026 (started by sofiene in /home/sofiene/cours/5em/Devops/gestionCatalogueG1VersionHarzzalh/gestionCatalogueG1)
2023-11-27T10:36:42.710+01:00  INFO 51026 --- [           main] c.p.g.GestionCatalogueG1ApplicationTests : No active profile set, falling back to 1 default profile: "default"
2023-11-27T10:36:43.243+01:00  INFO 51026 --- [           main] .s.d.r.c.RepositoryConfigurationDelegate : Bootstrapping Spring Data JPA repositories in DEFAULT mode.
2023-11-27T10:36:43.289+01:00  INFO 51026 --- [           main] .s.d.r.c.RepositoryConfigurationDelegate : Finished Spring Data repository scanning in 39 ms. Found 2 JPA repository interfaces.
2023-11-27T10:36:43.727+01:00  INFO 51026 --- [           main] o.hibernate.jpa.internal.util.LogHelper  : HHH000204: Processing PersistenceUnitInfo [name: default]
2023-11-27T10:36:43.764+01:00  INFO 51026 --- [           main] org.hibernate.Version                    : HHH000412: Hibernate ORM core version 6.2.9.Final
2023-11-27T10:36:43.767+01:00  INFO 51026 --- [           main] org.hibernate.cfg.Environment            : HHH000406: Using bytecode reflection optimizer
2023-11-27T10:36:43.886+01:00  INFO 51026 --- [           main] o.h.b.i.BytecodeProviderInitiator        : HHH000021: Bytecode provider name : bytebuddy
2023-11-27T10:36:43.986+01:00  INFO 51026 --- [           main] o.s.o.j.p.SpringPersistenceUnitInfo      : No LoadTimeWeaver setup: ignoring JPA class transformer
2023-11-27T10:36:44.005+01:00  INFO 51026 --- [           main] com.zaxxer.hikari.HikariDataSource       : HikariPool-1 - Starting...
2023-11-27T10:36:44.301+01:00  INFO 51026 --- [           main] com.zaxxer.hikari.pool.HikariPool        : HikariPool-1 - Added connection com.mysql.cj.jdbc.ConnectionImpl@5e37fb82
2023-11-27T10:36:44.303+01:00  INFO 51026 --- [           main] com.zaxxer.hikari.HikariDataSource       : HikariPool-1 - Start completed.
2023-11-27T10:36:44.565+01:00  INFO 51026 --- [           main] o.h.b.i.BytecodeProviderInitiator        : HHH000021: Bytecode provider name : bytebuddy
2023-11-27T10:36:45.142+01:00  INFO 51026 --- [           main] o.h.e.t.j.p.i.JtaPlatformInitiator       : HHH000490: Using JtaPlatform implementation: [org.hibernate.engine.transaction.jta.platform.internal.NoJtaPlatform]
2023-11-27T10:36:45.195+01:00  INFO 51026 --- [           main] j.LocalContainerEntityManagerFactoryBean : Initialized JPA EntityManagerFactory for persistence unit 'default'
2023-11-27T10:36:45.431+01:00  INFO 51026 --- [           main] o.s.d.j.r.query.QueryEnhancerFactory     : Hibernate is in classpath; If applicable, HQL parser will be used.
2023-11-27T10:36:45.901+01:00  WARN 51026 --- [           main] JpaBaseConfiguration$JpaWebConfiguration : spring.jpa.open-in-view is enabled by default. Therefore, database queries may be performed during view rendering. Explicitly configure spring.jpa.open-in-view to disable this warning
2023-11-27T10:36:46.267+01:00  INFO 51026 --- [           main] c.p.g.GestionCatalogueG1ApplicationTests : Started GestionCatalogueG1ApplicationTests in 3.805 seconds (process running for 4.581)
]]></system-out>
  </testcase>
</testsuite>